# JRE version: Java(TM) SE Runtime Environment (8.0_101-b13) (build 1.8.0_101-b13)
# Java VM: Java HotSpot(TM) 64-Bit Server VM (25.101-b13 mixed mode windows-amd64 compressed oops)
Heap:
 garbage-first heap   total 3620864K, used 664119K [0x00000005c0000000, 0x00000005c10006e8, 0x00000007c0000000)
  region size 16384K, 7 young (114688K), 1 survivors (16384K)
 Metaspace       used 60409K, capacity 61653K, committed 61824K, reserved 1103872K
  class space    used 7687K, capacity 8007K, committed 8064K, reserved 1048576K
GC Heap History (10 events):
Event: 40.688 GC heap before
{Heap before GC invocations=58 (full 2):
 garbage-first heap   total 3620864K, used 334708K [0x00000005c0000000, 0x00000005c10006e8, 0x00000007c0000000)
  region size 16384K, 8 young (131072K), 1 survivors (16384K)
 Metaspace       used 58931K, capacity 60123K, committed 60416K, reserved 1101824K
  class space    used 7563K, capacity 7882K, committed 7936K, reserved 1048576K
Event: 40.707 GC heap after
Heap after GC invocations=59 (full 2):
 garbage-first heap   total 3620864K, used 241928K [0x00000005c0000000, 0x00000005c10006e8, 0x00000007c0000000)
  region size 16384K, 1 young (16384K), 1 survivors (16384K)
 Metaspace       used 58931K, capacity 60123K, committed 60416K, reserved 1101824K
  class space    used 7563K, capacity 7882K, committed 7936K, reserved 1048576K
}
Event: 40.871 GC heap before
{Heap before GC invocations=59 (full 2):
 garbage-first heap   total 3620864K, used 356616K [0x00000005c0000000, 0x00000005c10006e8, 0x00000007c0000000)
  region size 16384K, 8 young (131072K), 1 survivors (16384K)
 Metaspace       used 59134K, capacity 60391K, committed 60672K, reserved 1101824K
  class space    used 7572K, capacity 7884K, committed 7936K, reserved 1048576K
Event: 40.916 GC heap after
Heap after GC invocations=60 (full 2):
 garbage-first heap   total 3620864K, used 318516K [0x00000005c0000000, 0x00000005c10006e8, 0x00000007c0000000)
  region size 16384K, 1 young (16384K), 1 survivors (16384K)
 Metaspace       used 59134K, capacity 60391K, committed 60672K, reserved 1101824K
  class space    used 7572K, capacity 7884K, committed 7936K, reserved 1048576K
}
Event: 40.991 GC heap before
{Heap before GC invocations=60 (full 2):
 garbage-first heap   total 3620864K, used 351284K [0x00000005c0000000, 0x00000005c10006e8, 0x00000007c0000000)
  region size 16384K, 4 young (65536K), 1 survivors (16384K)
 Metaspace       used 59286K, capacity 60543K, committed 60928K, reserved 1101824K
  class space    used 7590K, capacity 7888K, committed 7936K, reserved 1048576K
Event: 41.017 GC heap after
Heap after GC invocations=61 (full 2):
 garbage-first heap   total 3620864K, used 396928K [0x00000005c0000000, 0x00000005c10006e8, 0x00000007c0000000)
  region size 16384K, 1 young (16384K), 1 survivors (16384K)
 Metaspace       used 59286K, capacity 60543K, committed 60928K, reserved 1101824K
  class space    used 7590K, capacity 7888K, committed 7936K, reserved 1048576K
}
Event: 41.376 GC heap before
{Heap before GC invocations=61 (full 2):
 garbage-first heap   total 3620864K, used 593536K [0x00000005c0000000, 0x00000005c10006e8, 0x00000007c0000000)
  region size 16384K, 8 young (131072K), 1 survivors (16384K)
 Metaspace       used 59830K, capacity 61071K, committed 61312K, reserved 1101824K
  class space    used 7655K, capacity 7968K, committed 8064K, reserved 1048576K
Event: 41.414 GC heap after
Heap after GC invocations=62 (full 2):
 garbage-first heap   total 3620864K, used 465028K [0x00000005c0000000, 0x00000005c10006e8, 0x00000007c0000000)
  region size 16384K, 1 young (16384K), 1 survivors (16384K)
 Metaspace       used 59830K, capacity 61071K, committed 61312K, reserved 1101824K
  class space    used 7655K, capacity 7968K, committed 8064K, reserved 1048576K
}
Event: 41.870 GC heap before
{Heap before GC invocations=62 (full 2):
 garbage-first heap   total 3620864K, used 612484K [0x00000005c0000000, 0x00000005c10006e8, 0x00000007c0000000)
  region size 16384K, 8 young (131072K), 1 survivors (16384K)
 Metaspace       used 60212K, capacity 61475K, committed 61824K, reserved 1103872K
  class space    used 7676K, capacity 7972K, committed 8064K, reserved 1048576K
Event: 41.899 GC heap after
Heap after GC invocations=63 (full 2):
 garbage-first heap   total 3620864K, used 533047K [0x00000005c0000000, 0x00000005c10006e8, 0x00000007c0000000)
  region size 16384K, 1 young (16384K), 1 survivors (16384K)
 Metaspace       used 60212K, capacity 61475K, committed 61824K, reserved 1103872K
  class space    used 7676K, capacity 7972K, committed 8064K, reserved 1048576K
}

