# JRE version: Java(TM) SE Runtime Environment (8.0_101-b13) (build 1.8.0_101-b13)
# Java VM: Java HotSpot(TM) 64-Bit Server VM (25.101-b13 mixed mode windows-amd64 compressed oops)
Heap:
 garbage-first heap   total 7340032K, used 528441K [0x00000005c0000000, 0x00000005c1000e00, 0x00000007c0000000)
  region size 16384K, 1 young (16384K), 1 survivors (16384K)
 Metaspace       used 60602K, capacity 61809K, committed 62076K, reserved 1103872K
  class space    used 7680K, capacity 7975K, committed 8064K, reserved 1048576K
GC Heap History (10 events):
Event: 45.189 GC heap after
Heap after GC invocations=62 (full 3):
 garbage-first heap   total 5144576K, used 520895K [0x00000005c0000000, 0x00000005c10009d0, 0x00000007c0000000)
  region size 16384K, 1 young (16384K), 1 survivors (16384K)
 Metaspace       used 60362K, capacity 61681K, committed 62076K, reserved 1103872K
  class space    used 7679K, capacity 7975K, committed 8064K, reserved 1048576K
}
Event: 45.429 GC heap before
{Heap before GC invocations=62 (full 3):
 garbage-first heap   total 5144576K, used 635583K [0x00000005c0000000, 0x00000005c10009d0, 0x00000007c0000000)
  region size 16384K, 8 young (131072K), 1 survivors (16384K)
 Metaspace       used 60469K, capacity 61745K, committed 62076K, reserved 1103872K
  class space    used 7680K, capacity 7975K, committed 8064K, reserved 1048576K
Event: 45.439 GC heap after
Heap after GC invocations=63 (full 3):
 garbage-first heap   total 5799936K, used 535434K [0x00000005c0000000, 0x00000005c1000b10, 0x00000007c0000000)
  region size 16384K, 1 young (16384K), 1 survivors (16384K)
 Metaspace       used 60469K, capacity 61745K, committed 62076K, reserved 1103872K
  class space    used 7680K, capacity 7975K, committed 8064K, reserved 1048576K
}
Event: 45.638 GC heap before
{Heap before GC invocations=63 (full 3):
 garbage-first heap   total 5799936K, used 650122K [0x00000005c0000000, 0x00000005c1000b10, 0x00000007c0000000)
  region size 16384K, 8 young (131072K), 1 survivors (16384K)
 Metaspace       used 60503K, capacity 61745K, committed 62076K, reserved 1103872K
  class space    used 7680K, capacity 7975K, committed 8064K, reserved 1048576K
Event: 45.646 GC heap after
Heap after GC invocations=64 (full 3):
 garbage-first heap   total 6324224K, used 528657K [0x00000005c0000000, 0x00000005c1000c10, 0x00000007c0000000)
  region size 16384K, 1 young (16384K), 1 survivors (16384K)
 Metaspace       used 60503K, capacity 61745K, committed 62076K, reserved 1103872K
  class space    used 7680K, capacity 7975K, committed 8064K, reserved 1048576K
}
Event: 45.864 GC heap before
{Heap before GC invocations=64 (full 3):
 garbage-first heap   total 6324224K, used 643345K [0x00000005c0000000, 0x00000005c1000c10, 0x00000007c0000000)
  region size 16384K, 8 young (131072K), 1 survivors (16384K)
 Metaspace       used 60562K, capacity 61809K, committed 62076K, reserved 1103872K
  class space    used 7680K, capacity 7975K, committed 8064K, reserved 1048576K
Event: 45.870 GC heap after
Heap after GC invocations=65 (full 3):
 garbage-first heap   total 6750208K, used 527052K [0x00000005c0000000, 0x00000005c1000ce0, 0x00000007c0000000)
  region size 16384K, 1 young (16384K), 1 survivors (16384K)
 Metaspace       used 60562K, capacity 61809K, committed 62076K, reserved 1103872K
  class space    used 7680K, capacity 7975K, committed 8064K, reserved 1048576K
}
Event: 46.048 GC heap before
{Heap before GC invocations=65 (full 3):
 garbage-first heap   total 6750208K, used 641740K [0x00000005c0000000, 0x00000005c1000ce0, 0x00000007c0000000)
  region size 16384K, 8 young (131072K), 1 survivors (16384K)
 Metaspace       used 60579K, capacity 61809K, committed 62076K, reserved 1103872K
  class space    used 7680K, capacity 7975K, committed 8064K, reserved 1048576K
Event: 46.052 GC heap after
Heap after GC invocations=66 (full 3):
 garbage-first heap   total 7077888K, used 528517K [0x00000005c0000000, 0x00000005c1000d80, 0x00000007c0000000)
  region size 16384K, 1 young (16384K), 1 survivors (16384K)
 Metaspace       used 60579K, capacity 61809K, committed 62076K, reserved 1103872K
  class space    used 7680K, capacity 7975K, committed 8064K, reserved 1048576K
}
Event: 46.198 GC heap before
{Heap before GC invocations=66 (full 3):
 garbage-first heap   total 7077888K, used 643205K [0x00000005c0000000, 0x00000005c1000d80, 0x00000007c0000000)
  region size 16384K, 8 young (131072K), 1 survivors (16384K)
 Metaspace       used 60602K, capacity 61809K, committed 62076K, reserved 1103872K
  class space    used 7680K, capacity 7975K, committed 8064K, reserved 1048576K

