# JRE version: Java(TM) SE Runtime Environment (8.0_101-b13) (build 1.8.0_101-b13)
# Java VM: Java HotSpot(TM) 64-Bit Server VM (25.101-b13 mixed mode windows-amd64 compressed oops)
Heap:
 garbage-first heap   total 3833856K, used 455758K [0x00000005c0000000, 0x00000005c1000750, 0x00000007c0000000)
  region size 16384K, 1 young (16384K), 1 survivors (16384K)
 Metaspace       used 60422K, capacity 61707K, committed 62080K, reserved 1103872K
  class space    used 7679K, capacity 8006K, committed 8064K, reserved 1048576K
GC Heap History (10 events):
Event: 47.287 GC heap after
Heap after GC invocations=60 (full 2):
 garbage-first heap   total 589824K, used 320909K [0x00000005c0000000, 0x00000005c1000120, 0x00000007c0000000)
  region size 16384K, 1 young (16384K), 1 survivors (16384K)
 Metaspace       used 59157K, capacity 60375K, committed 60672K, reserved 1101824K
  class space    used 7577K, capacity 7882K, committed 7936K, reserved 1048576K
}
Event: 47.353 GC heap before
{Heap before GC invocations=60 (full 2):
 garbage-first heap   total 589824K, used 353677K [0x00000005c0000000, 0x00000005c1000120, 0x00000007c0000000)
  region size 16384K, 4 young (65536K), 1 survivors (16384K)
 Metaspace       used 59317K, capacity 60515K, committed 60928K, reserved 1101824K
  class space    used 7595K, capacity 7884K, committed 7936K, reserved 1048576K
Event: 48.055 GC heap after
Heap after GC invocations=61 (full 3):
 garbage-first heap   total 589824K, used 299009K [0x00000005c0000000, 0x00000005c1000120, 0x00000007c0000000)
  region size 16384K, 0 young (0K), 0 survivors (0K)
 Metaspace       used 59317K, capacity 60515K, committed 60928K, reserved 1101824K
  class space    used 7595K, capacity 7884K, committed 7936K, reserved 1048576K
}
Event: 48.091 GC heap before
{Heap before GC invocations=61 (full 3):
 garbage-first heap   total 589824K, used 299009K [0x00000005c0000000, 0x00000005c1000120, 0x00000007c0000000)
  region size 16384K, 1 young (16384K), 0 survivors (0K)
 Metaspace       used 59398K, capacity 60629K, committed 60928K, reserved 1101824K
  class space    used 7602K, capacity 7919K, committed 7936K, reserved 1048576K
Event: 48.096 GC heap after
Heap after GC invocations=62 (full 3):
 garbage-first heap   total 589824K, used 313576K [0x00000005c0000000, 0x00000005c1000120, 0x00000007c0000000)
  region size 16384K, 1 young (16384K), 1 survivors (16384K)
 Metaspace       used 59398K, capacity 60629K, committed 60928K, reserved 1101824K
  class space    used 7602K, capacity 7919K, committed 7936K, reserved 1048576K
}
Event: 48.369 GC heap before
{Heap before GC invocations=62 (full 3):
 garbage-first heap   total 589824K, used 493800K [0x00000005c0000000, 0x00000005c1000120, 0x00000007c0000000)
  region size 16384K, 7 young (114688K), 1 survivors (16384K)
 Metaspace       used 59787K, capacity 61119K, committed 61312K, reserved 1101824K
  class space    used 7652K, capacity 7966K, committed 8064K, reserved 1048576K
Event: 48.409 GC heap after
Heap after GC invocations=63 (full 3):
 garbage-first heap   total 1343488K, used 366442K [0x00000005c0000000, 0x00000005c1000290, 0x00000007c0000000)
  region size 16384K, 1 young (16384K), 1 survivors (16384K)
 Metaspace       used 59787K, capacity 61119K, committed 61312K, reserved 1101824K
  class space    used 7652K, capacity 7966K, committed 8064K, reserved 1048576K
}
Event: 48.906 GC heap before
{Heap before GC invocations=64 (full 3):
 garbage-first heap   total 1343488K, used 513898K [0x00000005c0000000, 0x00000005c1000290, 0x00000007c0000000)
  region size 16384K, 8 young (131072K), 1 survivors (16384K)
 Metaspace       used 60255K, capacity 61523K, committed 61824K, reserved 1103872K
  class space    used 7674K, capacity 7970K, committed 8064K, reserved 1048576K
Event: 48.935 GC heap after
Heap after GC invocations=65 (full 3):
 garbage-first heap   total 2686976K, used 422239K [0x00000005c0000000, 0x00000005c1000520, 0x00000007c0000000)
  region size 16384K, 1 young (16384K), 1 survivors (16384K)
 Metaspace       used 60255K, capacity 61523K, committed 61824K, reserved 1103872K
  class space    used 7674K, capacity 7970K, committed 8064K, reserved 1048576K
}
Event: 49.447 GC heap before
{Heap before GC invocations=65 (full 3):
 garbage-first heap   total 2686976K, used 586079K [0x00000005c0000000, 0x00000005c1000520, 0x00000007c0000000)
  region size 16384K, 8 young (131072K), 1 survivors (16384K)
 Metaspace       used 60422K, capacity 61707K, committed 62080K, reserved 1103872K
  class space    used 7679K, capacity 8006K, committed 8064K, reserved 1048576K

